<?xml version="1.0" encoding="UTF-8"?>
<!-- Generated by org.testng.reporters.JUnitReportReporter -->
<testsuite skipped="0" hostname="user" name="com.qa.tests.FlightPageTest" tests="3" failures="0" timestamp="16 May 2018 03:51:47 GMT" time="143.304" errors="0">
  <testcase name="verifyLogoTest" time="39.989" classname="com.qa.tests.FlightPageTest"/>
  <testcase name="verifyTitleTest" time="57.313" classname="com.qa.tests.FlightPageTest"/>
  <testcase name="testThatResultsAppearForAOneWayJourneyTest" time="46.002" classname="com.qa.tests.FlightPageTest"/>
</testsuite> <!-- com.qa.tests.FlightPageTest -->
