<?xml version="1.0" encoding="UTF-8"?>
<!-- Generated by org.testng.reporters.JUnitReportReporter -->
<testsuite skipped="0" hostname="user" name="com.qa.tests.SignInTest" tests="3" failures="0" timestamp="17 May 2018 02:24:05 GMT" time="81.962" errors="0">
  <testcase name="verifyTitleTest" time="31.063" classname="com.qa.tests.SignInTest"/>
  <testcase name="verifyLogoTest" time="20.829" classname="com.qa.tests.SignInTest"/>
  <testcase name="shouldThrowAnErrorIfSignInDetailsAreMissingTest" time="30.070" classname="com.qa.tests.SignInTest"/>
</testsuite> <!-- com.qa.tests.SignInTest -->
