<?xml version="1.0" encoding="UTF-8"?>
<!-- Generated by org.testng.reporters.JUnitReportReporter -->
<testsuite skipped="0" hostname="user" name="com.qa.tests.HotelBookingTest" tests="3" failures="0" timestamp="16 May 2018 04:59:18 GMT" time="57.120" errors="0">
  <testcase name="verifyTitleTest" time="12.895" classname="com.qa.tests.HotelBookingTest"/>
  <testcase name="verifyLogoTest" time="15.938" classname="com.qa.tests.HotelBookingTest"/>
  <testcase name="shouldBeAbleToSearchForHotelsTest" time="28.287" classname="com.qa.tests.HotelBookingTest"/>
</testsuite> <!-- com.qa.tests.HotelBookingTest -->
