<?xml version="1.0" encoding="UTF-8"?>
<!-- Generated by org.testng.reporters.JUnitReportReporter -->
<testsuite skipped="0" hostname="user" name="com.qa.tests.SignInPageTest" tests="3" failures="0" timestamp="16 May 2018 03:35:00 GMT" time="116.496" errors="0">
  <testcase name="verifyLogoTest" time="44.230" classname="com.qa.tests.SignInPageTest"/>
  <testcase name="verifyTitleTest" time="34.286" classname="com.qa.tests.SignInPageTest"/>
  <testcase name="shouldThrowAnErrorIfSignInDetailsAreMissingTest" time="37.980" classname="com.qa.tests.SignInPageTest"/>
</testsuite> <!-- com.qa.tests.SignInPageTest -->
