<?xml version="1.0" encoding="UTF-8"?>
<!-- Generated by org.testng.reporters.JUnitReportReporter -->
<testsuite skipped="0" hostname="user" name="com.qa.tests.HotelPageTest" tests="3" failures="0" timestamp="16 May 2018 04:01:42 GMT" time="116.942" errors="0">
  <testcase name="verifyTitleTest" time="32.875" classname="com.qa.tests.HotelPageTest"/>
  <testcase name="verifyLogoTest" time="41.943" classname="com.qa.tests.HotelPageTest"/>
  <testcase name="shouldBeAbleToSearchForHotelsTest" time="42.124" classname="com.qa.tests.HotelPageTest"/>
</testsuite> <!-- com.qa.tests.HotelPageTest -->
