<?xml version="1.0" encoding="UTF-8"?>
<!-- Generated by org.testng.reporters.JUnitReportReporter -->
<testsuite skipped="0" hostname="user" name="com.qa.tests.FlightBookingTest" tests="3" failures="0" timestamp="16 May 2018 04:59:18 GMT" time="74.332" errors="0">
  <testcase name="verifyTitleTest" time="20.505" classname="com.qa.tests.FlightBookingTest"/>
  <testcase name="verifyLogoTest" time="25.756" classname="com.qa.tests.FlightBookingTest"/>
  <testcase name="testThatResultsAppearForAOneWayJourneyTest" time="28.071" classname="com.qa.tests.FlightBookingTest"/>
</testsuite> <!-- com.qa.tests.FlightBookingTest -->
