<?xml version="1.0" encoding="UTF-8"?>
<!-- Generated by org.testng.reporters.JUnitReportReporter -->
<testsuite skipped="0" hostname="user" name="com.qa.tests.HotelBookingTest" tests="3" failures="0" timestamp="17 May 2018 02:24:05 GMT" time="79.724" errors="0">
  <testcase name="verifyTitleTest" time="21.969" classname="com.qa.tests.HotelBookingTest"/>
  <testcase name="verifyLogoTest" time="22.108" classname="com.qa.tests.HotelBookingTest"/>
  <testcase name="shouldBeAbleToSearchForHotelsTest" time="35.647" classname="com.qa.tests.HotelBookingTest"/>
</testsuite> <!-- com.qa.tests.HotelBookingTest -->
