<?xml version="1.0" encoding="UTF-8"?>
<!-- Generated by org.testng.reporters.JUnitReportReporter -->
<testsuite skipped="0" hostname="user" name="com.qa.tests.FlightBookingTest" tests="3" failures="0" timestamp="17 May 2018 02:24:05 GMT" time="91.761" errors="0">
  <testcase name="verifyTitleTest" time="36.286" classname="com.qa.tests.FlightBookingTest"/>
  <testcase name="verifyLogoTest" time="21.762" classname="com.qa.tests.FlightBookingTest"/>
  <testcase name="testThatResultsAppearForAOneWayJourneyTest" time="33.713" classname="com.qa.tests.FlightBookingTest"/>
</testsuite> <!-- com.qa.tests.FlightBookingTest -->
