<?xml version="1.0" encoding="UTF-8"?>
<!-- Generated by org.testng.reporters.JUnitReportReporter -->
<testsuite skipped="0" hostname="user" name="com.qa.tests.SignInTest" tests="3" failures="0" timestamp="16 May 2018 04:59:18 GMT" time="59.408" errors="0">
  <testcase name="verifyTitleTest" time="20.144" classname="com.qa.tests.SignInTest"/>
  <testcase name="verifyLogoTest" time="17.647" classname="com.qa.tests.SignInTest"/>
  <testcase name="shouldThrowAnErrorIfSignInDetailsAreMissingTest" time="21.617" classname="com.qa.tests.SignInTest"/>
</testsuite> <!-- com.qa.tests.SignInTest -->
