<?xml version="1.0" encoding="UTF-8"?>
<!-- Generated by org.testng.reporters.JUnitReportReporter -->
<testsuite skipped="0" hostname="user" name="Tests.SignInTest" tests="1" failures="0" timestamp="17 May 2018 03:19:28 GMT" time="31.693" errors="0">
  <testcase name="shouldThrowAnErrorIfSignInDetailsAreMissing" time="31.693" classname="Tests.SignInTest"/>
</testsuite> <!-- Tests.SignInTest -->
