<?xml version="1.0" encoding="UTF-8"?>
<!-- Generated by org.testng.reporters.JUnitReportReporter -->
<testsuite skipped="0" hostname="user" name="Tests.FlightBookingTest" tests="1" failures="0" timestamp="16 May 2018 10:35:58 GMT" time="35.115" errors="0">
  <testcase name="testThatResultsAppearForAOneWayJourney" time="35.115" classname="Tests.FlightBookingTest"/>
</testsuite> <!-- Tests.FlightBookingTest -->
